<?xml version="1.0" encoding="UTF-8"?>
<testng-results ignored="0" total="1" passed="1" failed="0" skipped="0">
  <reporter-output>
  </reporter-output>
  <suite started-at="2024-05-24T16:25:17 IST" name="Default suite" finished-at="2024-05-24T16:25:44 IST" duration-ms="26625">
    <groups>
    </groups>
    <test started-at="2024-05-24T16:25:17 IST" name="Default test" finished-at="2024-05-24T16:25:44 IST" duration-ms="26625">
      <class name="reports.Script01">
        <test-method signature="script1()[pri:0, instance:reports.Script01@a2431d0]" started-at="2024-05-24T16:25:17 IST" name="script1" finished-at="2024-05-24T16:25:44 IST" duration-ms="26582" status="PASS">
          <reporter-output>
          </reporter-output>
        </test-method> <!-- script1 -->
      </class> <!-- reports.Script01 -->
    </test> <!-- Default test -->
  </suite> <!-- Default suite -->
</testng-results>
