<?xml version="1.0" encoding="UTF-8"?>
<testng-results ignored="0" total="1" passed="1" failed="0" skipped="0">
  <reporter-output>
  </reporter-output>
  <suite started-at="2024-05-23T15:20:41 IST" name="Surefire suite" finished-at="2024-05-23T15:20:55 IST" duration-ms="14029">
    <groups>
    </groups>
    <test started-at="2024-05-23T15:20:41 IST" name="Surefire test" finished-at="2024-05-23T15:20:55 IST" duration-ms="14029">
      <class name="beauty.LaunchLoreal_Test">
        <test-method signature="loreal()[pri:0, instance:beauty.LaunchLoreal_Test@2362f559]" started-at="2024-05-23T15:20:41 IST" name="loreal" finished-at="2024-05-23T15:20:55 IST" duration-ms="13996" status="PASS">
          <reporter-output>
          </reporter-output>
        </test-method> <!-- loreal -->
      </class> <!-- beauty.LaunchLoreal_Test -->
    </test> <!-- Surefire test -->
  </suite> <!-- Surefire suite -->
</testng-results>
