<?xml version="1.0" encoding="UTF-8"?>
<!-- Generated by org.testng.reporters.JUnitXMLReporter -->
<testsuite ignored="0" hostname="TYSS-Chandana" failures="0" tests="3" name="Test" time="40.016" errors="0" timestamp="2024-05-22T16:52:03 IST">
  <testcase classname="beauty.LaunchNykaa_Test" name="nykaa" time="26.508"/>
  <testcase classname="beauty.LaunchSugar_Test" name="sugar" time="7.943"/>
  <testcase classname="beauty.LaunchLoreal_Test" name="loreal" time="5.531"/>
</testsuite> <!-- Test -->
